
Showing logs for build [32mcb-kubecd-environment-jrdev4-st-s7x5j-1[0m stage [32mrelease[0m and container [32mstep-credential-initializer-z5d9d[0m
{"level":"warn","ts":1585597169.9259639,"logger":"fallback-logger","caller":"logging/config.go:69","msg":"Fetch GitHub commit ID from kodata failed: \"ref: refs/heads/0.8.0-**-support-backwards-incompats\" is not a valid GitHub commit ID"}
{"level":"info","ts":1585597169.9263668,"logger":"fallback-logger","caller":"creds-init/main.go:40","msg":"Credentials initialized."}

Showing logs for build [32mcb-kubecd-environment-jrdev4-st-s7x5j-1[0m stage [32mrelease[0m and container [32mstep-working-dir-initializer-q7rz2[0m
{"level":"warn","ts":1585597170.91455,"logger":"fallback-logger","caller":"logging/config.go:69","msg":"Fetch GitHub commit ID from kodata failed: open /var/run/ko/HEAD: no such file or directory"}
{"level":"info","ts":1585597170.9158676,"logger":"fallback-logger","caller":"bash/main.go:64","msg":"Successfully executed command \"sh -c mkdir -p /workspace/source\"; output "}

Showing logs for build [32mcb-kubecd-environment-jrdev4-st-s7x5j-1[0m stage [32mrelease[0m and container [32mstep-place-tools[0m

Showing logs for build [32mcb-kubecd-environment-jrdev4-st-s7x5j-1[0m stage [32mrelease[0m and container [32mstep-git-source-cb-kubecd-environment-jrdev4-st-s7x5j-298tt[0m
{"level":"warn","ts":1585597179.076244,"logger":"fallback-logger","caller":"logging/config.go:69","msg":"Fetch GitHub commit ID from kodata failed: \"ref: refs/heads/0.8.0-**-support-backwards-incompats\" is not a valid GitHub commit ID"}
{"level":"info","ts":1585597180.1684203,"logger":"fallback-logger","caller":"git/git.go:103","msg":"Successfully cloned https://github.com/cb-kubecd/environment-jrdev4-staging.git @ v0.0.1 in path /workspace/source"}

Showing logs for build [32mcb-kubecd-environment-jrdev4-st-s7x5j-1[0m stage [32mrelease[0m and container [32mstep-git-merge[0m
Using SHAs from PULL_REFS=master:e2407915a4f4972d9b910e87c70c1780db1c8809
WARNING: no SHAs to merge, falling back to initial cloned commit

Showing logs for build [32mcb-kubecd-environment-jrdev4-st-s7x5j-1[0m stage [32mrelease[0m and container [32mstep-validate-git[0m
Git configured for user: jenkins-x-bot and email jenkins-x@googlegroups.com

Showing logs for build [32mcb-kubecd-environment-jrdev4-st-s7x5j-1[0m stage [32mrelease[0m and container [32mstep-verify-preinstall[0m
disabling ** step verify preinstall as using a local environment

Showing logs for build [32mcb-kubecd-environment-jrdev4-st-s7x5j-1[0m stage [32mrelease[0m and container [32mstep-install-jx-crds[0m
Jenkins X CRDs upgraded with success

Showing logs for build [32mcb-kubecd-environment-jrdev4-st-s7x5j-1[0m stage [32mrelease[0m and container [32mstep-generate-helmfile[0m

Showing logs for build [32mcb-kubecd-environment-jrdev4-st-s7x5j-1[0m stage [32mrelease[0m and container [32mstep-helmfile-system[0m
Adding repo dev http://chartmuseum-**.rawlingsdemo.co.uk
"dev" has been added to your repositories

Adding repo jenkins-x https://storage.googleapis.com/chartmuseum.jenkins-x.io
"jenkins-x" has been added to your repositories

Adding repo zloeber git+https://github.com/rawlingsj/helm-namespace@chart
"zloeber" has been added to your repositories

Updating repo
Hang tight while we grab the latest from your chart repositories...
...Successfully got an update from the "dev" chart repository
...Successfully got an update from the "zloeber" chart repository
...Successfully got an update from the "jenkins-x" chart repository
Update Complete. ⎈ Happy Helming!⎈ 

Affected releases are:
  empty (jenkins-x/empty) UPDATED
  namespace-**-staging (zloeber/namespace) UPDATED

Upgrading release=namespace-**-staging, chart=zloeber/namespace
Listing releases matching ^namespace-**-staging$
Release "namespace-**-staging" does not exist. Installing it now.
NAME: namespace-**-staging
LAST DEPLOYED: Mon Mar 30 19:40:06 2020
NAMESPACE: **
STATUS: deployed
REVISION: 1
TEST SUITE: None

namespace-**-staging	**       	1       	2020-03-30 19:40:06.964604479 +0000 UTC	deployed	namespace-0.1.0	0.1.0      

Upgrading release=empty, chart=jenkins-x/empty
Release "empty" does not exist. Installing it now.
NAME: empty
LAST DEPLOYED: Mon Mar 30 19:40:12 2020
NAMESPACE: **-staging
STATUS: deployed
REVISION: 1
TEST SUITE: None

Listing releases matching ^empty$
empty	**-staging	1       	2020-03-30 19:40:12.924356625 +0000 UTC	deployed	empty-0.0.3	           


UPDATED RELEASES:
NAME                   CHART               VERSION
namespace-**-staging   zloeber/namespace     0.1.0
empty                  jenkins-x/empty       0.0.3


Showing logs for build [32mcb-kubecd-environment-jrdev4-st-s7x5j-1[0m stage [32mrelease[0m and container [32mstep-verify-ingress[0m
Waiting to find the external host name of the ingress controller Service in namespace nginx with name nginx-ingress-controller
No domain flag provided so using default 35.233.118.154.nip.io to generate Ingress rules
defaulting the domain to 35.233.118.154.nip.io and modified /workspace/source/**-requirements.yml

Showing logs for build [32mcb-kubecd-environment-jrdev4-st-s7x5j-1[0m stage [32mrelease[0m and container [32mstep-helmfile-apps[0m
Adding repo dev http://chartmuseum-**.rawlingsdemo.co.uk
"dev" has been added to your repositories

Adding repo jenkins-x http://chartmuseum.jenkins-x.io
"jenkins-x" has been added to your repositories

Adding repo zloeber git+https://github.com/rawlingsj/helm-namespace@chart
"zloeber" has been added to your repositories

Updating repo
Hang tight while we grab the latest from your chart repositories...
...Successfully got an update from the "dev" chart repository
...Successfully got an update from the "zloeber" chart repository
...Successfully got an update from the "jenkins-x" chart repository
Update Complete. ⎈ Happy Helming!⎈ 

Affected releases are:
  jrdev4 (dev/jrdev4) UPDATED
  namespace-**-staging (zloeber/namespace) UPDATED

Upgrading release=namespace-**-staging, chart=zloeber/namespace
Release "namespace-**-staging" has been upgraded. Happy Helming!
NAME: namespace-**-staging
LAST DEPLOYED: Mon Mar 30 19:40:23 2020
NAMESPACE: **
STATUS: deployed
REVISION: 2
TEST SUITE: None

Listing releases matching ^namespace-**-staging$
namespace-**-staging	**       	2       	2020-03-30 19:40:23.640493443 +0000 UTC	deployed	namespace-0.1.0	0.1.0      

Upgrading release=jrdev4, chart=dev/jrdev4
Release "jrdev4" does not exist. Installing it now.
NAME: jrdev4
LAST DEPLOYED: Mon Mar 30 19:40:26 2020
NAMESPACE: **-staging
STATUS: deployed
REVISION: 1
TEST SUITE: None
NOTES:
Get the application URL by running these commands:

kubectl get ingress jrdev4-jrdev4

Listing releases matching ^jrdev4$
jrdev4	**-staging	1       	2020-03-30 19:40:26.272972782 +0000 UTC	deployed	jrdev4-0.0.1	0.0.1      


UPDATED RELEASES:
NAME                   CHART               VERSION
namespace-**-staging   zloeber/namespace     0.1.0
jrdev4                 dev/jrdev4            0.0.1


Showing logs for build [32mcb-kubecd-environment-jrdev4-st-s7x5j-1[0m stage [32mrelease[0m and container [32mstep-git-creds[0m
Generated Git credentials file /builder/home/git/credentials

Showing logs for build [32mcb-kubecd-environment-jrdev4-st-s7x5j-1[0m stage [32mrelease[0m and container [32mstep-verify-jenkins-x-environment[0m
disabling ** step verify env as using a local environment

Showing logs for build [32mcb-kubecd-environment-jrdev4-st-s7x5j-1[0m stage [32mrelease[0m and container [32mstep-install-pipelines[0m

Showing logs for build [32mcb-kubecd-environment-jrdev4-st-s7x5j-1[0m stage [32mrelease[0m and container [32mstep-update-webhooks[0m
DEBUG: Finding service url for hook in namespace **
DEBUG: Couldn't find service url, attempting to look up via ingress
DEBUG: found service url http://hook-**.rawlingsdemo.co.uk
Updating webhooks for Owner: cb-kubecd and Repository: environment-jrdev4-dev in git server: https://github.com
Checking hooks for repository cb-kubecd/environment-jrdev4-dev with user ******************
Found matching hook for url http://hook-**.rawlingsdemo.co.uk/hook
Updating GitHub webhook for cb-kubecd/environment-jrdev4-dev for url http://hook-**.rawlingsdemo.co.uk/hook
Updating webhooks for Owner: cb-kubecd and Repository: environment-jrdev4-production in git server: https://github.com
Checking hooks for repository cb-kubecd/environment-jrdev4-production with user ******************
Found matching hook for url http://hook-**.rawlingsdemo.co.uk/hook
Updating GitHub webhook for cb-kubecd/environment-jrdev4-production for url http://hook-**.rawlingsdemo.co.uk/hook
Updating webhooks for Owner: cb-kubecd and Repository: environment-jrdev4-staging in git server: https://github.com
Checking hooks for repository cb-kubecd/environment-jrdev4-staging with user ******************
Found matching hook for url http://hook-**.rawlingsdemo.co.uk/hook
Updating GitHub webhook for cb-kubecd/environment-jrdev4-staging for url http://hook-**.rawlingsdemo.co.uk/hook
Updating webhooks for Owner: cb-kubecd and Repository: jrdev4 in git server: https://github.com
Checking hooks for repository cb-kubecd/jrdev4 with user ******************
Found matching hook for url http://hook-**.rawlingsdemo.co.uk/hook
Updating GitHub webhook for cb-kubecd/jrdev4 for url http://hook-**.rawlingsdemo.co.uk/hook

Showing logs for build [32mcb-kubecd-environment-jrdev4-st-s7x5j-1[0m stage [32mrelease[0m and container [32mstep-verify-installation[0m
verifying the Jenkins X installation in namespace **
verifying pods
Checking pod statuses
POD                                                        STATUS
external-dns-7cf7fd4f64-g52ft                              Running
jenkins-x-chartmuseum-7844b7b6cb-clpnn                     Running
**-boot-wgqgc                                              Succeeded
**boot-helmfile-resources-controllerbuild-7fd45857c5-2kbjp Running
**boot-helmfile-resources-controllerrole-7cbc5bcc6-rbbc6   Running
**ui-**ui-59db889465-8hgkb                                 Running
lighthouse-lighthouse-5f857f5576-6nfk4                     Running
lighthouse-lighthouse-5f857f5576-9q7t4                     Running
nexus-nexus-5f77cf7b86-vf9vt                               Running
tekton-pipelines-controller-666488cbd5-cfgqk               Running
tide-768b8bc594-wsmgl                                      Running
Verifying the git config
Verifying username ****************** at git server github at https://github.com
Found 5 organisations in git server https://github.com: arcalos-environments, cb-kubecd, jenkins-x, jenkins-x-apps, jenkins-x-charts
Validated pipeline user ****************** on git server https://github.com
Git tokens seem to be setup correctly
Installation is currently looking: GOOD
