
Showing logs for build [32mcb-kubecd-environment-jrdev4-st-vpc5q-2[0m stage [32mrelease[0m and container [32mstep-credential-initializer-qgbss[0m
{"level":"warn","ts":1585597675.6279924,"logger":"fallback-logger","caller":"logging/config.go:69","msg":"Fetch GitHub commit ID from kodata failed: \"ref: refs/heads/0.8.0-**-support-backwards-incompats\" is not a valid GitHub commit ID"}
{"level":"info","ts":1585597675.6285565,"logger":"fallback-logger","caller":"creds-init/main.go:40","msg":"Credentials initialized."}

Showing logs for build [32mcb-kubecd-environment-jrdev4-st-vpc5q-2[0m stage [32mrelease[0m and container [32mstep-working-dir-initializer-klm5f[0m
{"level":"warn","ts":1585597676.200585,"logger":"fallback-logger","caller":"logging/config.go:69","msg":"Fetch GitHub commit ID from kodata failed: open /var/run/ko/HEAD: no such file or directory"}
{"level":"info","ts":1585597676.2046633,"logger":"fallback-logger","caller":"bash/main.go:64","msg":"Successfully executed command \"sh -c mkdir -p /workspace/source\"; output "}

Showing logs for build [32mcb-kubecd-environment-jrdev4-st-vpc5q-2[0m stage [32mrelease[0m and container [32mstep-place-tools[0m

Showing logs for build [32mcb-kubecd-environment-jrdev4-st-vpc5q-2[0m stage [32mrelease[0m and container [32mstep-git-source-cb-kubecd-environment-jrdev4-st-vpc5q-qrf2p[0m
{"level":"warn","ts":1585597684.333201,"logger":"fallback-logger","caller":"logging/config.go:69","msg":"Fetch GitHub commit ID from kodata failed: \"ref: refs/heads/0.8.0-**-support-backwards-incompats\" is not a valid GitHub commit ID"}
{"level":"info","ts":1585597685.422711,"logger":"fallback-logger","caller":"git/git.go:103","msg":"Successfully cloned https://github.com/cb-kubecd/environment-jrdev4-staging.git @ v0.0.2 in path /workspace/source"}

Showing logs for build [32mcb-kubecd-environment-jrdev4-st-vpc5q-2[0m stage [32mrelease[0m and container [32mstep-git-merge[0m
Using SHAs from PULL_REFS=master:
WARNING: no SHAs to merge, falling back to initial cloned commit

Showing logs for build [32mcb-kubecd-environment-jrdev4-st-vpc5q-2[0m stage [32mrelease[0m and container [32mstep-validate-git[0m
Git configured for user: jenkins-x-bot and email jenkins-x@googlegroups.com

Showing logs for build [32mcb-kubecd-environment-jrdev4-st-vpc5q-2[0m stage [32mrelease[0m and container [32mstep-verify-preinstall[0m
disabling ** step verify preinstall as using a local environment

Showing logs for build [32mcb-kubecd-environment-jrdev4-st-vpc5q-2[0m stage [32mrelease[0m and container [32mstep-install-jx-crds[0m
Jenkins X CRDs upgraded with success

Showing logs for build [32mcb-kubecd-environment-jrdev4-st-vpc5q-2[0m stage [32mrelease[0m and container [32mstep-generate-helmfile[0m

Showing logs for build [32mcb-kubecd-environment-jrdev4-st-vpc5q-2[0m stage [32mrelease[0m and container [32mstep-helmfile-system[0m
Adding repo dev http://chartmuseum-**.rawlingsdemo.co.uk
"dev" has been added to your repositories

Adding repo jenkins-x https://storage.googleapis.com/chartmuseum.jenkins-x.io
"jenkins-x" has been added to your repositories

Updating repo
Hang tight while we grab the latest from your chart repositories...
...Successfully got an update from the "dev" chart repository
...Successfully got an update from the "jenkins-x" chart repository
Update Complete. ⎈ Happy Helming!⎈ 

Affected releases are:
  empty (jenkins-x/empty) UPDATED

Upgrading release=empty, chart=jenkins-x/empty
Release "empty" has been upgraded. Happy Helming!
NAME: empty
LAST DEPLOYED: Mon Mar 30 19:48:33 2020
NAMESPACE: **-staging
STATUS: deployed
REVISION: 2
TEST SUITE: None

Listing releases matching ^empty$
empty	**-staging	2       	2020-03-30 19:48:33.054753426 +0000 UTC	deployed	empty-0.0.3	           


UPDATED RELEASES:
NAME    CHART             VERSION
empty   jenkins-x/empty     0.0.3


Showing logs for build [32mcb-kubecd-environment-jrdev4-st-vpc5q-2[0m stage [32mrelease[0m and container [32mstep-verify-ingress[0m
using a custom domain and GKE, you can enable external dns and TLS

Showing logs for build [32mcb-kubecd-environment-jrdev4-st-vpc5q-2[0m stage [32mrelease[0m and container [32mstep-helmfile-apps[0m
Adding repo dev http://chartmuseum-**.rawlingsdemo.co.uk
"dev" has been added to your repositories

Adding repo jenkins-x http://chartmuseum.jenkins-x.io
"jenkins-x" has been added to your repositories

Updating repo
Hang tight while we grab the latest from your chart repositories...
...Successfully got an update from the "dev" chart repository
...Successfully got an update from the "jenkins-x" chart repository
Update Complete. ⎈ Happy Helming!⎈ 

Affected releases are:
  jrdev4 (dev/jrdev4) UPDATED

Upgrading release=jrdev4, chart=dev/jrdev4

FAILED RELEASES:
NAME
jrdev4
in ./helmfile.yaml: failed processing release jrdev4: helm exited with status 1:
  Error: failed to download "dev/jrdev4" (hint: running `helm repo update` may help)
[31m
Pipeline failed on stage 'release' : container 'step-helmfile-apps'. The execution of the pipeline has stopped.[0m
