
Showing logs for build [32mcb-kubecd-environment-jrdev4-st-nxw5s-3[0m stage [32mrelease[0m and container [32mstep-credential-initializer-hnf4x[0m
{"level":"warn","ts":1585598146.0930853,"logger":"fallback-logger","caller":"logging/config.go:69","msg":"Fetch GitHub commit ID from kodata failed: \"ref: refs/heads/0.8.0-**-support-backwards-incompats\" is not a valid GitHub commit ID"}
{"level":"info","ts":1585598146.0938034,"logger":"fallback-logger","caller":"creds-init/main.go:40","msg":"Credentials initialized."}

Showing logs for build [32mcb-kubecd-environment-jrdev4-st-nxw5s-3[0m stage [32mrelease[0m and container [32mstep-working-dir-initializer-qvm62[0m
{"level":"warn","ts":1585598147.137691,"logger":"fallback-logger","caller":"logging/config.go:69","msg":"Fetch GitHub commit ID from kodata failed: open /var/run/ko/HEAD: no such file or directory"}
{"level":"info","ts":1585598147.1391373,"logger":"fallback-logger","caller":"bash/main.go:64","msg":"Successfully executed command \"sh -c mkdir -p /workspace/source\"; output "}

Showing logs for build [32mcb-kubecd-environment-jrdev4-st-nxw5s-3[0m stage [32mrelease[0m and container [32mstep-place-tools[0m

Showing logs for build [32mcb-kubecd-environment-jrdev4-st-nxw5s-3[0m stage [32mrelease[0m and container [32mstep-git-source-cb-kubecd-environment-jrdev4-st-nxw5s-8t7q6[0m
{"level":"warn","ts":1585598154.33052,"logger":"fallback-logger","caller":"logging/config.go:69","msg":"Fetch GitHub commit ID from kodata failed: \"ref: refs/heads/0.8.0-**-support-backwards-incompats\" is not a valid GitHub commit ID"}
{"level":"info","ts":1585598155.416555,"logger":"fallback-logger","caller":"git/git.go:103","msg":"Successfully cloned https://github.com/cb-kubecd/environment-jrdev4-staging.git @ v0.0.3 in path /workspace/source"}

Showing logs for build [32mcb-kubecd-environment-jrdev4-st-nxw5s-3[0m stage [32mrelease[0m and container [32mstep-git-merge[0m
Using SHAs from PULL_REFS=master:4b971170951e27604358c849989bcb22e58bbd0e
WARNING: no SHAs to merge, falling back to initial cloned commit

Showing logs for build [32mcb-kubecd-environment-jrdev4-st-nxw5s-3[0m stage [32mrelease[0m and container [32mstep-validate-git[0m
Git configured for user: jenkins-x-bot and email jenkins-x@googlegroups.com

Showing logs for build [32mcb-kubecd-environment-jrdev4-st-nxw5s-3[0m stage [32mrelease[0m and container [32mstep-verify-preinstall[0m
disabling ** step verify preinstall as using a local environment

Showing logs for build [32mcb-kubecd-environment-jrdev4-st-nxw5s-3[0m stage [32mrelease[0m and container [32mstep-install-jx-crds[0m
Jenkins X CRDs upgraded with success

Showing logs for build [32mcb-kubecd-environment-jrdev4-st-nxw5s-3[0m stage [32mrelease[0m and container [32mstep-generate-helmfile[0m

Showing logs for build [32mcb-kubecd-environment-jrdev4-st-nxw5s-3[0m stage [32mrelease[0m and container [32mstep-helmfile-system[0m
Adding repo dev http://chartmuseum-**.rawlingsdemo.co.uk
"dev" has been added to your repositories

Adding repo jenkins-x https://storage.googleapis.com/chartmuseum.jenkins-x.io
"jenkins-x" has been added to your repositories

Updating repo
Hang tight while we grab the latest from your chart repositories...
...Successfully got an update from the "dev" chart repository
...Successfully got an update from the "jenkins-x" chart repository
Update Complete. ⎈ Happy Helming!⎈ 

Affected releases are:
  empty (jenkins-x/empty) UPDATED

Upgrading release=empty, chart=jenkins-x/empty
Release "empty" has been upgraded. Happy Helming!
NAME: empty
LAST DEPLOYED: Mon Mar 30 19:56:19 2020
NAMESPACE: **-staging
STATUS: deployed
REVISION: 3
TEST SUITE: None

Listing releases matching ^empty$
empty	**-staging	3       	2020-03-30 19:56:19.515457423 +0000 UTC	deployed	empty-0.0.3	           


UPDATED RELEASES:
NAME    CHART             VERSION
empty   jenkins-x/empty     0.0.3


Showing logs for build [32mcb-kubecd-environment-jrdev4-st-nxw5s-3[0m stage [32mrelease[0m and container [32mstep-verify-ingress[0m
using a custom domain and GKE, you can enable external dns and TLS

Showing logs for build [32mcb-kubecd-environment-jrdev4-st-nxw5s-3[0m stage [32mrelease[0m and container [32mstep-helmfile-apps[0m
Adding repo dev http://chartmuseum-**.rawlingsdemo.co.uk
"dev" has been added to your repositories

Adding repo jenkins-x http://chartmuseum.jenkins-x.io
"jenkins-x" has been added to your repositories

Updating repo
Hang tight while we grab the latest from your chart repositories...
...Successfully got an update from the "dev" chart repository
...Successfully got an update from the "jenkins-x" chart repository
Update Complete. ⎈ Happy Helming!⎈ 

Affected releases are:
  jrdev4 (dev/jrdev4) UPDATED

Upgrading release=jrdev4, chart=dev/jrdev4
Listing releases matching ^jrdev4$
Release "jrdev4" has been upgraded. Happy Helming!
NAME: jrdev4
LAST DEPLOYED: Mon Mar 30 19:56:26 2020
NAMESPACE: **-staging
STATUS: deployed
REVISION: 2
TEST SUITE: None
NOTES:
Get the application URL by running these commands:

kubectl get ingress jrdev4-jrdev4

jrdev4	**-staging	2       	2020-03-30 19:56:26.589374399 +0000 UTC	deployed	jrdev4-0.0.1	0.0.1      


UPDATED RELEASES:
NAME     CHART        VERSION
jrdev4   dev/jrdev4     0.0.1


Showing logs for build [32mcb-kubecd-environment-jrdev4-st-nxw5s-3[0m stage [32mrelease[0m and container [32mstep-git-creds[0m
Generated Git credentials file /builder/home/git/credentials

Showing logs for build [32mcb-kubecd-environment-jrdev4-st-nxw5s-3[0m stage [32mrelease[0m and container [32mstep-verify-jenkins-x-environment[0m
disabling ** step verify env as using a local environment

Showing logs for build [32mcb-kubecd-environment-jrdev4-st-nxw5s-3[0m stage [32mrelease[0m and container [32mstep-install-pipelines[0m

Showing logs for build [32mcb-kubecd-environment-jrdev4-st-nxw5s-3[0m stage [32mrelease[0m and container [32mstep-update-webhooks[0m
DEBUG: Finding service url for hook in namespace **
DEBUG: Couldn't find service url, attempting to look up via ingress
DEBUG: found service url http://hook-**.rawlingsdemo.co.uk
Updating webhooks for Owner: cb-kubecd and Repository: environment-jrdev4-dev in git server: https://github.com
Checking hooks for repository cb-kubecd/environment-jrdev4-dev with user ******************
Found matching hook for url http://hook-**.rawlingsdemo.co.uk/hook
Updating GitHub webhook for cb-kubecd/environment-jrdev4-dev for url http://hook-**.rawlingsdemo.co.uk/hook
Updating webhooks for Owner: cb-kubecd and Repository: environment-jrdev4-production in git server: https://github.com
Checking hooks for repository cb-kubecd/environment-jrdev4-production with user ******************
Found matching hook for url http://hook-**.rawlingsdemo.co.uk/hook
Updating GitHub webhook for cb-kubecd/environment-jrdev4-production for url http://hook-**.rawlingsdemo.co.uk/hook
Updating webhooks for Owner: cb-kubecd and Repository: environment-jrdev4-staging in git server: https://github.com
Checking hooks for repository cb-kubecd/environment-jrdev4-staging with user ******************
Found matching hook for url http://hook-**.rawlingsdemo.co.uk/hook
Updating GitHub webhook for cb-kubecd/environment-jrdev4-staging for url http://hook-**.rawlingsdemo.co.uk/hook
Updating webhooks for Owner: cb-kubecd and Repository: jrdev4 in git server: https://github.com
Checking hooks for repository cb-kubecd/jrdev4 with user ******************
Found matching hook for url http://hook-**.rawlingsdemo.co.uk/hook
Updating GitHub webhook for cb-kubecd/jrdev4 for url http://hook-**.rawlingsdemo.co.uk/hook

Showing logs for build [32mcb-kubecd-environment-jrdev4-st-nxw5s-3[0m stage [32mrelease[0m and container [32mstep-verify-installation[0m
verifying the Jenkins X installation in namespace **
verifying pods
Checking pod statuses
POD                                                        STATUS
external-dns-7cf7fd4f64-g52ft                              Running
jenkins-x-chartmuseum-7844b7b6cb-clpnn                     Running
**-boot-wgqgc                                              Succeeded
**boot-helmfile-resources-controllerbuild-7fd45857c5-2kbjp Running
**boot-helmfile-resources-controllerrole-7cbc5bcc6-rbbc6   Running
**ui-**ui-59db889465-8hgkb                                 Running
lighthouse-lighthouse-5f857f5576-6nfk4                     Running
lighthouse-lighthouse-5f857f5576-9q7t4                     Running
nexus-nexus-5f77cf7b86-vf9vt                               Running
tekton-pipelines-controller-666488cbd5-cfgqk               Running
tide-768b8bc594-wsmgl                                      Running
Verifying the git config
Verifying username ****************** at git server github at https://github.com
Found 5 organisations in git server https://github.com: arcalos-environments, cb-kubecd, jenkins-x, jenkins-x-apps, jenkins-x-charts
Validated pipeline user ****************** on git server https://github.com
Git tokens seem to be setup correctly
Installation is currently looking: GOOD
