
Showing logs for build [32mcb-kubecd-environment-jrdev4-st-w7gcr-1[0m stage [32mpr-checks[0m and container [32mstep-credential-initializer-cwhb4[0m
{"level":"warn","ts":1585597075.4973893,"logger":"fallback-logger","caller":"logging/config.go:69","msg":"Fetch GitHub commit ID from kodata failed: \"ref: refs/heads/0.8.0-**-support-backwards-incompats\" is not a valid GitHub commit ID"}
{"level":"info","ts":1585597075.4982884,"logger":"fallback-logger","caller":"creds-init/main.go:40","msg":"Credentials initialized."}

Showing logs for build [32mcb-kubecd-environment-jrdev4-st-w7gcr-1[0m stage [32mpr-checks[0m and container [32mstep-working-dir-initializer-d5wmj[0m
{"level":"warn","ts":1585597076.0962112,"logger":"fallback-logger","caller":"logging/config.go:69","msg":"Fetch GitHub commit ID from kodata failed: open /var/run/ko/HEAD: no such file or directory"}
{"level":"info","ts":1585597076.097437,"logger":"fallback-logger","caller":"bash/main.go:64","msg":"Successfully executed command \"sh -c mkdir -p /workspace/source\"; output "}

Showing logs for build [32mcb-kubecd-environment-jrdev4-st-w7gcr-1[0m stage [32mpr-checks[0m and container [32mstep-place-tools[0m

Showing logs for build [32mcb-kubecd-environment-jrdev4-st-w7gcr-1[0m stage [32mpr-checks[0m and container [32mstep-git-source-cb-kubecd-environment-jrdev4-st-w7gcr-2pq8q[0m
{"level":"warn","ts":1585597081.1043894,"logger":"fallback-logger","caller":"logging/config.go:69","msg":"Fetch GitHub commit ID from kodata failed: \"ref: refs/heads/0.8.0-**-support-backwards-incompats\" is not a valid GitHub commit ID"}
{"level":"info","ts":1585597082.4613726,"logger":"fallback-logger","caller":"git/git.go:103","msg":"Successfully cloned https://github.com/cb-kubecd/environment-jrdev4-staging.git @ master in path /workspace/source"}

Showing logs for build [32mcb-kubecd-environment-jrdev4-st-w7gcr-1[0m stage [32mpr-checks[0m and container [32mstep-git-merge[0m
Using SHAs from PULL_REFS=master:8bb811ec323a1e0116ab79d63463f52fc65f8f06,1:9408b60027cd73f7ff74967a80686e4035606ca6
DEBUG: LC_ALL=C JX_LOG_LEVEL=error git fetch origin --unshallow 9408b60027cd73f7ff74967a80686e4035606ca6: 8bb811ec323a1e0116ab79d63463f52fc65f8f06:
DEBUG: ran git fetch --unshallow origin 9408b60027cd73f7ff74967a80686e4035606ca6: 8bb811ec323a1e0116ab79d63463f52fc65f8f06: in 
DEBUG: LC_ALL=C JX_LOG_LEVEL=error git branch
DEBUG: LC_ALL=C JX_LOG_LEVEL=error git checkout master
DEBUG: ran git checkout master in 
DEBUG: LC_ALL=C JX_LOG_LEVEL=error git reset --hard 8bb811ec323a1e0116ab79d63463f52fc65f8f06
DEBUG: ran git reset --hard 8bb811ec323a1e0116ab79d63463f52fc65f8f06 in 
DEBUG: LC_ALL=C JX_LOG_LEVEL=error git clean -fd .
DEBUG: ran clean --force -d . in 
DEBUG: LC_ALL=C JX_LOG_LEVEL=error git merge 9408b60027cd73f7ff74967a80686e4035606ca6
DEBUG: ran git merge 9408b60027cd73f7ff74967a80686e4035606ca6 in 
DEBUG: LC_ALL=C JX_LOG_LEVEL=error git log --format=%H%x1f%an%x1f%ae%x1f%cn%x1f%ce%x1f%s%n%b%x1e 8bb811ec323a1e0116ab79d63463f52fc65f8f06..HEAD
Merged SHA 9408b60027cd73f7ff74967a80686e4035606ca6 with commit message 'chore: Promote jrdev4 to version 0.0.1' into base branch master

Showing logs for build [32mcb-kubecd-environment-jrdev4-st-w7gcr-1[0m stage [32mpr-checks[0m and container [32mstep-create-helmfile[0m

Showing logs for build [32mcb-kubecd-environment-jrdev4-st-w7gcr-1[0m stage [32mpr-checks[0m and container [32mstep-lint-helmfile-system[0m
Adding repo dev http://chartmuseum-**.rawlingsdemo.co.uk
"dev" has been added to your repositories

Adding repo jenkins-x https://storage.googleapis.com/chartmuseum.jenkins-x.io
"jenkins-x" has been added to your repositories

Adding repo zloeber git+https://github.com/rawlingsj/helm-namespace@chart
"zloeber" has been added to your repositories

Updating repo
Hang tight while we grab the latest from your chart repositories...
...Successfully got an update from the "dev" chart repository
...Successfully got an update from the "zloeber" chart repository
...Successfully got an update from the "jenkins-x" chart repository
Update Complete. âˆ Happy Helming!âˆ 

Fetching zloeber/namespace
Fetching jenkins-x/empty
Linting release=namespace-**-staging, chart=/tmp/838700013/namespace-**-staging/latest/zloeber/namespace/namespace
==> Linting /tmp/838700013/namespace-**-staging/latest/zloeber/namespace/namespace
[INFO] Chart.yaml: icon is recommended

1 chart(s) linted, 0 chart(s) failed

Linting release=empty, chart=/tmp/838700013/empty/latest/jenkins-x/empty/empty
==> Linting /tmp/838700013/empty/latest/jenkins-x/empty/empty

1 chart(s) linted, 0 chart(s) failed


Showing logs for build [32mcb-kubecd-environment-jrdev4-st-w7gcr-1[0m stage [32mpr-checks[0m and container [32mstep-lint-helmfile-apps[0m
Adding repo dev http://chartmuseum-**.rawlingsdemo.co.uk
"dev" has been added to your repositories

Adding repo jenkins-x http://chartmuseum.jenkins-x.io
"jenkins-x" has been added to your repositories

Adding repo zloeber git+https://github.com/rawlingsj/helm-namespace@chart
"zloeber" has been added to your repositories

Updating repo
Hang tight while we grab the latest from your chart repositories...
...Successfully got an update from the "dev" chart repository
...Successfully got an update from the "zloeber" chart repository
...Successfully got an update from the "jenkins-x" chart repository
Update Complete. âˆ Happy Helming!âˆ 

Fetching zloeber/namespace
Fetching dev/jrdev4
Linting release=namespace-**-staging, chart=/tmp/827904688/namespace-**-staging/latest/zloeber/namespace/namespace
==> Linting /tmp/827904688/namespace-**-staging/latest/zloeber/namespace/namespace
[INFO] Chart.yaml: icon is recommended

1 chart(s) linted, 0 chart(s) failed

Linting release=jrdev4, chart=/tmp/827904688/jrdev4/0.0.1/dev/jrdev4/jrdev4
==> Linting /tmp/827904688/jrdev4/0.0.1/dev/jrdev4/jrdev4

1 chart(s) linted, 0 chart(s) failed

